app/build/intermediates/manifest_merge_blame_file/debug/manifest-merger-blame-debug-report.txt
1<?xml version="1.0" encoding="utf-8"?>
2<manifest xmlns:android="http://schemas.android.com/apk/res/android"
3    package="com.acme.homehealthy"
4    android:versionCode="1"
5    android:versionName="1.0" >
6
7    <uses-sdk
8        android:minSdkVersion="24"
8-->src\main\AndroidManifest.xml
9        android:targetSdkVersion="31" />
9-->src\main\AndroidManifest.xml
10
11    <uses-permission android:name="android.permission.INTERNET" />
11-->src\main\AndroidManifest.xml:4:5-67
11-->src\main\AndroidManifest.xml:4:22-64
12
13    <application
13-->src\main\AndroidManifest.xml:6:5-25:19
14        android:allowBackup="true"
14-->src\main\AndroidManifest.xml:8:9-35
15        android:appComponentFactory="androidx.core.app.CoreComponentFactory"
15-->[androidx.core:core:1.6.0] AndroidManifest.xml:24:18-86
16        android:debuggable="true"
17        android:extractNativeLibs="false"
18        android:icon="@mipmap/ic_launcher"
18-->src\main\AndroidManifest.xml:9:9-43
19        android:label="@string/app_name"
19-->src\main\AndroidManifest.xml:10:9-41
20        android:roundIcon="@mipmap/ic_launcher_round"
20-->src\main\AndroidManifest.xml:11:9-54
21        android:supportsRtl="true"
21-->src\main\AndroidManifest.xml:12:9-35
22        android:testOnly="true"
23        android:theme="@style/Theme.HomeHealthy"
23-->src\main\AndroidManifest.xml:13:9-49
24        android:usesCleartextTraffic="true" >
24-->src\main\AndroidManifest.xml:7:9-44
25        <activity
25-->src\main\AndroidManifest.xml:14:9-24:20
26            android:name="com.acme.homehealthy.MainActivity"
26-->src\main\AndroidManifest.xml:15:13-41
27            android:exported="true"
27-->src\main\AndroidManifest.xml:16:13-36
28            android:label="@string/app_name"
28-->src\main\AndroidManifest.xml:17:13-45
29            android:theme="@style/Theme.HomeHealthy.NoActionBar" >
29-->src\main\AndroidManifest.xml:18:13-65
30            <intent-filter>
30-->src\main\AndroidManifest.xml:19:13-23:29
31                <action android:name="android.intent.action.MAIN" />
31-->src\main\AndroidManifest.xml:20:17-69
31-->src\main\AndroidManifest.xml:20:25-66
32
33                <category android:name="android.intent.category.LAUNCHER" />
33-->src\main\AndroidManifest.xml:22:17-77
33-->src\main\AndroidManifest.xml:22:27-74
34            </intent-filter>
35        </activity>
36        <activity
36-->[androidx.compose.ui:ui-tooling:1.0.1] AndroidManifest.xml:25:9-27:39
37            android:name="androidx.compose.ui.tooling.PreviewActivity"
37-->[androidx.compose.ui:ui-tooling:1.0.1] AndroidManifest.xml:26:13-71
38            android:exported="true" />
38-->[androidx.compose.ui:ui-tooling:1.0.1] AndroidManifest.xml:27:13-36
39
40        <provider
40-->[androidx.profileinstaller:profileinstaller:1.0.2] AndroidManifest.xml:26:9-34:20
41            android:name="androidx.startup.InitializationProvider"
41-->[androidx.profileinstaller:profileinstaller:1.0.2] AndroidManifest.xml:27:13-67
42            android:authorities="com.acme.homehealthy.androidx-startup"
42-->[androidx.profileinstaller:profileinstaller:1.0.2] AndroidManifest.xml:28:13-68
43            android:exported="false" >
43-->[androidx.profileinstaller:profileinstaller:1.0.2] AndroidManifest.xml:29:13-37
44            <meta-data
44-->[androidx.profileinstaller:profileinstaller:1.0.2] AndroidManifest.xml:31:13-33:52
45                android:name="androidx.profileinstaller.ProfileInstallerInitializer"
45-->[androidx.profileinstaller:profileinstaller:1.0.2] AndroidManifest.xml:32:17-85
46                android:value="androidx.startup" />
46-->[androidx.profileinstaller:profileinstaller:1.0.2] AndroidManifest.xml:33:17-49
47        </provider>
48
49        <receiver
49-->[androidx.profileinstaller:profileinstaller:1.0.2] AndroidManifest.xml:36:9-45:20
50            android:name="androidx.profileinstaller.ProfileInstallReceiver"
50-->[androidx.profileinstaller:profileinstaller:1.0.2] AndroidManifest.xml:37:13-76
51            android:directBootAware="false"
51-->[androidx.profileinstaller:profileinstaller:1.0.2] AndroidManifest.xml:38:13-44
52            android:enabled="true"
52-->[androidx.profileinstaller:profileinstaller:1.0.2] AndroidManifest.xml:39:13-35
53            android:exported="true"
53-->[androidx.profileinstaller:profileinstaller:1.0.2] AndroidManifest.xml:40:13-36
54            android:permission="android.permission.DUMP" >
54-->[androidx.profileinstaller:profileinstaller:1.0.2] AndroidManifest.xml:41:13-57
55            <intent-filter>
55-->[androidx.profileinstaller:profileinstaller:1.0.2] AndroidManifest.xml:42:13-44:29
56                <action android:name="androidx.profileinstaller.action.INSTALL_PROFILE" />
56-->[androidx.profileinstaller:profileinstaller:1.0.2] AndroidManifest.xml:43:17-91
56-->[androidx.profileinstaller:profileinstaller:1.0.2] AndroidManifest.xml:43:25-88
57            </intent-filter>
58        </receiver>
59    </application>
60
61</manifest>